<?xml version="1.0" encoding="UTF-8"?>
<testsuite xmlns:xsi="http://www.w3.org/2001/XMLSchema-instance" xsi:noNamespaceSchemaLocation="https://maven.apache.org/surefire/maven-surefire-plugin/xsd/surefire-test-report-3.0.xsd" version="3.0" name="TestSuite" time="6.711" tests="6" errors="0" skipped="0" failures="2">
  <properties>
[...]
</properties>
  <testcase name="test01" classname="TestCases.GET_Tests" time="2.101">
    <system-out><![CDATA[2022-10-26 17:54:48 INFO  Logger:10 - ----- start -----
2022-10-26 17:54:50 INFO  Logger:10 - GET request sent to /skus endpoint
2022-10-26 17:54:50 INFO  Logger:10 - expected status code 200
2022-10-26 17:54:50 INFO  Logger:10 - actual status code 200
]]></system-out>
  </testcase>
  <testcase name="test02" classname="TestCases.GET_Tests" time="0.46">
    <system-out><![CDATA[2022-10-26 17:54:50 INFO  Logger:10 - ------ end ------

2022-10-26 17:54:50 INFO  Logger:10 - ----- start -----
2022-10-26 17:54:50 INFO  Logger:10 - GET request sent to /skus endpoint
2022-10-26 17:54:50 INFO  Logger:10 - expected status code 200
2022-10-26 17:54:50 INFO  Logger:10 - actual status code 200
]]></system-out>
  </testcase>
  <testcase name="test03" classname="TestCases.GET_Tests" time="0.989">
    <system-out><![CDATA[2022-10-26 17:54:50 INFO  Logger:10 - ------ end ------

2022-10-26 17:54:50 INFO  Logger:10 - ----- start -----
2022-10-26 17:54:51 INFO  Logger:10 - GET request sent to /skus endpoint
2022-10-26 17:54:51 INFO  Logger:10 - the value of ResponseMetadata.HTTPHeaders.server equals Server
]]></system-out>
  </testcase>
  <testcase name="test04" classname="TestCases.GET_Tests" time="1.43">
    <system-out><![CDATA[2022-10-26 17:54:51 INFO  Logger:10 - ------ end ------

2022-10-26 17:54:51 INFO  Logger:10 - ----- start -----
2022-10-26 17:54:52 INFO  Logger:10 - GET request sent to /skus endpoint
2022-10-26 17:54:53 INFO  Logger:10 - invalid data type stored for description of item createdAt: 1616383567.0866914
2022-10-26 17:54:53 INFO  Logger:10 - invalid data type stored for description of item createdAt: 1616385230.7314742
2022-10-26 17:54:53 INFO  Logger:10 - invalid data type stored for description of item createdAt: 1619159869.7165368
2022-10-26 17:54:53 INFO  Logger:10 - invalid data type stored for description of item createdAt: 1616383447.6494305
2022-10-26 17:54:53 INFO  Logger:10 - invalid data type stored for description of item createdAt: 1619159853.4946122
]]></system-out>
  </testcase>
  <testcase name="test01" classname="TestCases.POST_Tests" time="0.671">
    <failure message="1 expectation failed.&#10;Expected status code &lt;201&gt; but was &lt;200&gt;.&#10;" type="java.lang.AssertionError"><![CDATA[java.lang.AssertionError: 
1 expectation failed.
Expected status code <201> but was <200>.

	at TestCases.POST_Tests.test01(POST_Tests.java:28)
]]></failure>
    <system-out><![CDATA[2022-10-26 17:54:53 INFO  Logger:10 - ------ end ------

2022-10-26 17:54:53 INFO  Logger:10 - ----- start -----
2022-10-26 17:54:53 INFO  Logger:10 - POST request sent to /skus endpoint
2022-10-26 17:54:53 INFO  Logger:10 - expected status code 201
2022-10-26 17:54:53 INFO  Logger:10 - actual status code 200
]]></system-out>
  </testcase>
  <testcase name="test01" classname="TestCases.DELETE_Tests" time="0.265">
    <failure message="1 expectation failed.&#10;Expected status code &lt;204&gt; but was &lt;200&gt;.&#10;" type="java.lang.AssertionError"><![CDATA[java.lang.AssertionError: 
1 expectation failed.
Expected status code <204> but was <200>.

	at TestCases.DELETE_Tests.test01(DELETE_Tests.java:22)
]]></failure>
    <system-out><![CDATA[2022-10-26 17:54:53 INFO  Logger:10 - ------ end ------

2022-10-26 17:54:54 INFO  Logger:10 - DELETE request sent to /skus/2K5NO8FU4M803TPISH1EABVJOJVV4KQNSO5AEMVJF66Q9ASUAAJG
2022-10-26 17:54:54 INFO  Logger:10 - expected status code 204
2022-10-26 17:54:54 INFO  Logger:10 - actual status code 200
]]></system-out>
  </testcase>
</testsuite>